#
# A fatal error has been detected by the Java Runtime Environment:
#
#  EXCEPTION_ACCESS_VIOLATION (0xc0000005) at pc=0x0000000016ee34bc, pid=9100, tid=212
#
# JRE version: Java(TM) SE Runtime Environment (8.0_51-b16) (build 1.8.0_51-b16)
# Java VM: Java HotSpot(TM) 64-Bit Server VM (25.51-b03 mixed mode windows-amd64 compressed oops)
# Problematic frame:
# C  [ig4icd64.dll+0x7e34bc]
#
# Failed to write core dump. Minidumps are not enabled by default on client versions of Windows
#
# If you would like to submit a bug report, please visit:
#   http://bugreport.java.com/bugreport/crash.jsp
# The crash happened outside the Java Virtual Machine in native code.
# See problematic frame for where to report the bug.
#

---------------  T H R E A D  ---------------

Current thread (0x00000000028c0800):  JavaThread "main" [_thread_in_native, id=212, stack(0x0000000002760000,0x0000000002860000)]

siginfo: ExceptionCode=0xc0000005, writing address 0x0000000000000280

Registers:
RAX=0x3f80000000000000, RBX=0x0000000000000008, RCX=0x0000000000000288, RDX=0x0000000000000000
RSP=0x000000000285ede0, RBP=0x0000000000000001, RSI=0x000000000285eed0, RDI=0x0000000000cb9950
R8 =0x0000000000000020, R9 =0x0000000000000180, R10=0x00000000184b4c00, R11=0x000000000285ede8
R12=0x0000000000cab550, R13=0x000000000285eed8, R14=0x0000000000000000, R15=0x0000000000000000
RIP=0x0000000016ee34bc, EFLAGS=0x0000000000010246

Top of Stack: (sp=0x000000000285ede0)
0x000000000285ede0:   0000000000000020 0000000000000001
0x000000000285edf0:   000000000285ee00 0000000000000000
0x000000000285ee00:   0000000000000020 000000000285ee58
0x000000000285ee10:   000000000285ee68 0000000000000000
0x000000000285ee20:   0000000000000000 000000000285ef00
0x000000000285ee30:   000000000285ef60 0000000000cab550
0x000000000285ee40:   00000000184be990 0000000016ee6098
0x000000000285ee50:   0000000000000001 0000000000000280
0x000000000285ee60:   0000000000cb9950 00000000006fcc00
0x000000000285ee70:   0000000000000040 000000000285eee8
0x000000000285ee80:   000000000285ee90 0000000016eea33f
0x000000000285ee90:   00000000006fbc00 0000000300000000
0x000000000285eea0:   0000000000000000 0000000000cb9950
0x000000000285eeb0:   0000000000cb8920 0000000000000000
0x000000000285eec0:   000000000285ef90 0000000016ee65ef
0x000000000285eed0:   0000000000000001 0000000000000000 

Instructions: (pc=0x0000000016ee34bc)
0x0000000016ee349c:   8b d5 66 90 49 8b 84 24 a8 05 00 00 48 83 c1 08
0x0000000016ee34ac:   48 83 c3 08 48 83 ea 01 48 8b 84 18 dc 3f 00 00
0x0000000016ee34bc:   48 89 41 f8 75 de f6 06 01 48 8b 9c 24 80 00 00
0x0000000016ee34cc:   00 74 13 48 8b 84 24 88 00 00 00 49 89 45 00 48 


Register to memory mapping:

RAX=0x3f80000000000000 is an unknown value
RBX=0x0000000000000008 is an unknown value
RCX=0x0000000000000288 is an unknown value
RDX=0x0000000000000000 is an unknown value
RSP=0x000000000285ede0 is pointing into the stack for thread: 0x00000000028c0800
RBP=0x0000000000000001 is an unknown value
RSI=0x000000000285eed0 is pointing into the stack for thread: 0x00000000028c0800
RDI=0x0000000000cb9950 is an unknown value
R8 =0x0000000000000020 is an unknown value
R9 =0x0000000000000180 is an unknown value
R10=0x00000000184b4c00 is an unknown value
R11=0x000000000285ede8 is pointing into the stack for thread: 0x00000000028c0800
R12=0x0000000000cab550 is an unknown value
R13=0x000000000285eed8 is pointing into the stack for thread: 0x00000000028c0800
R14=0x0000000000000000 is an unknown value
R15=0x0000000000000000 is an unknown value


Stack: [0x0000000002760000,0x0000000002860000],  sp=0x000000000285ede0,  free space=1019k
Native frames: (J=compiled Java code, j=interpreted, Vv=VM code, C=native code)
C  [ig4icd64.dll+0x7e34bc]
C  [ig4icd64.dll+0x7e6098]
C  [ig4icd64.dll+0x7e65ef]
C  [ig4icd64.dll+0x794757]
C  [ig4icd64.dll+0x6fc8b0]
C  [ig4icd64.dll+0x6fcabe]
C  [ig4icd64.dll+0x73e87e]
C  [ig4icd64.dll+0x73fd69]
C  [ig4icd64.dll+0x68d95c]
C  [ig4icd64.dll+0x68dd18]
C  [ig4icd64.dll+0x3cc04]
C  0x0000000002c0510a

Java frames: (J=compiled Java code, j=interpreted, Vv=VM code)
J 501  org.lwjgl.opengl.GL11.nglClear(IJ)V (0 bytes) @ 0x0000000002c05084 [0x0000000002c05040+0x44]
J 606% C2 engineTester.MainGameLoop.main([Ljava/lang/String;)V (324 bytes) @ 0x0000000002c6e524 [0x0000000002c6e2a0+0x284]
v  ~StubRoutines::call_stub

---------------  P R O C E S S  ---------------

Java Threads: ( => current thread )
  0x000000001a368000 JavaThread "LWJGL Timer" daemon [_thread_blocked, id=9856, stack(0x000000001b730000,0x000000001b830000)]
  0x0000000014d3d000 JavaThread "Service Thread" daemon [_thread_blocked, id=6976, stack(0x0000000015e20000,0x0000000015f20000)]
  0x0000000014d1b800 JavaThread "C1 CompilerThread1" daemon [_thread_blocked, id=9400, stack(0x0000000015d20000,0x0000000015e20000)]
  0x0000000014cc9000 JavaThread "C2 CompilerThread0" daemon [_thread_blocked, id=6256, stack(0x0000000015c20000,0x0000000015d20000)]
  0x0000000014cc6800 JavaThread "Attach Listener" daemon [_thread_blocked, id=1480, stack(0x0000000015b20000,0x0000000015c20000)]
  0x0000000014cc3000 JavaThread "Signal Dispatcher" daemon [_thread_blocked, id=4244, stack(0x0000000015a20000,0x0000000015b20000)]
  0x00000000029b3000 JavaThread "Finalizer" daemon [_thread_blocked, id=8260, stack(0x0000000015920000,0x0000000015a20000)]
  0x00000000029aa000 JavaThread "Reference Handler" daemon [_thread_blocked, id=828, stack(0x0000000015820000,0x0000000015920000)]
=>0x00000000028c0800 JavaThread "main" [_thread_in_native, id=212, stack(0x0000000002760000,0x0000000002860000)]

Other Threads:
  0x0000000014c96000 VMThread [stack: 0x0000000015720000,0x0000000015820000] [id=9952]
  0x0000000014d3f800 WatcherThread [stack: 0x0000000015f20000,0x0000000016020000] [id=9020]

VM state:not at safepoint (normal execution)

VM Mutex/Monitor currently owned by a thread: None

Heap:
 PSYoungGen      total 19968K, used 17009K [0x00000000eb800000, 0x00000000ecf80000, 0x0000000100000000)
  eden space 15872K, 85% used [0x00000000eb800000,0x00000000ec5545c0,0x00000000ec780000)
  from space 4096K, 82% used [0x00000000ecb80000,0x00000000ecec8000,0x00000000ecf80000)
  to   space 4096K, 0% used [0x00000000ec780000,0x00000000ec780000,0x00000000ecb80000)
 ParOldGen       total 42496K, used 6087K [0x00000000c2800000, 0x00000000c5180000, 0x00000000eb800000)
  object space 42496K, 14% used [0x00000000c2800000,0x00000000c2df1d10,0x00000000c5180000)
 Metaspace       used 5200K, capacity 6011K, committed 6272K, reserved 1056768K
  class space    used 494K, capacity 528K, committed 640K, reserved 1048576K

Card table byte_map: [0x0000000011d80000,0x0000000011f70000] byte_map_base: 0x000000001176c000

Marking Bits: (ParMarkBitMap*) 0x0000000067814040
 Begin Bits: [0x00000000122c0000, 0x0000000013220000)
 End Bits:   [0x0000000013220000, 0x0000000014180000)

Polling page: 0x0000000000bb0000

CodeCache: size=245760Kb used=2729Kb max_used=2737Kb free=243030Kb
 bounds [0x00000000029c0000, 0x0000000002c80000, 0x00000000119c0000]
 total_blobs=994 nmethods=606 adapters=303
 compilation: enabled

Compilation events (10 events):
Event: 267.309 Thread 0x0000000014cc9000  602 % !   4       java.lang.ref.Reference$ReferenceHandler::run @ 0 (102 bytes)
Event: 267.346 Thread 0x0000000014cc9000 nmethod 602% 0x0000000002c4cc50 code [0x0000000002c4ce00, 0x0000000002c4d958]
Event: 543.396 Thread 0x0000000014d1b800  603 %     3       engineTester.MainGameLoop::main @ 262 (324 bytes)
Event: 543.407 Thread 0x0000000014d1b800 nmethod 603% 0x0000000002c4df10 code [0x0000000002c4eb60, 0x0000000002c55d28]
Event: 552.909 Thread 0x0000000014d1b800  604       3       engineTester.MainGameLoop::main (324 bytes)
Event: 552.920 Thread 0x0000000014d1b800 nmethod 604 0x0000000002c5e190 code [0x0000000002c5ede0, 0x0000000002c65d48]
Event: 557.459 Thread 0x0000000014cc9000  605       4       java.nio.Bits::byteOrder (20 bytes)
Event: 557.460 Thread 0x0000000014cc9000 nmethod 605 0x0000000002c34750 code [0x0000000002c34880, 0x0000000002c348d8]
Event: 888.436 Thread 0x0000000014cc9000  606 %     4       engineTester.MainGameLoop::main @ 262 (324 bytes)
Event: 888.466 Thread 0x0000000014cc9000 nmethod 606% 0x0000000002c6dfd0 code [0x0000000002c6e2a0, 0x0000000002c6f758]

GC Heap History (10 events):
Event: 786.200 GC heap before
{Heap before GC invocations=8 (full 0):
 PSYoungGen      total 19968K, used 19232K [0x00000000eb800000, 0x00000000ecf80000, 0x0000000100000000)
  eden space 15872K, 100% used [0x00000000eb800000,0x00000000ec780000,0x00000000ec780000)
  from space 4096K, 82% used [0x00000000ec780000,0x00000000ecac8000,0x00000000ecb80000)
  to   space 4096K, 0% used [0x00000000ecb80000,0x00000000ecb80000,0x00000000ecf80000)
 ParOldGen       total 42496K, used 6063K [0x00000000c2800000, 0x00000000c5180000, 0x00000000eb800000)
  object space 42496K, 14% used [0x00000000c2800000,0x00000000c2debd10,0x00000000c5180000)
 Metaspace       used 5200K, capacity 6011K, committed 6272K, reserved 1056768K
  class space    used 494K, capacity 528K, committed 640K, reserved 1048576K
Event: 786.221 GC heap after
Heap after GC invocations=8 (full 0):
 PSYoungGen      total 19968K, used 3360K [0x00000000eb800000, 0x00000000ecf80000, 0x0000000100000000)
  eden space 15872K, 0% used [0x00000000eb800000,0x00000000eb800000,0x00000000ec780000)
  from space 4096K, 82% used [0x00000000ecb80000,0x00000000ecec8000,0x00000000ecf80000)
  to   space 4096K, 0% used [0x00000000ec780000,0x00000000ec780000,0x00000000ecb80000)
 ParOldGen       total 42496K, used 6063K [0x00000000c2800000, 0x00000000c5180000, 0x00000000eb800000)
  object space 42496K, 14% used [0x00000000c2800000,0x00000000c2debd10,0x00000000c5180000)
 Metaspace       used 5200K, capacity 6011K, committed 6272K, reserved 1056768K
  class space    used 494K, capacity 528K, committed 640K, reserved 1048576K
}
Event: 884.621 GC heap before
{Heap before GC invocations=9 (full 0):
 PSYoungGen      total 19968K, used 19232K [0x00000000eb800000, 0x00000000ecf80000, 0x0000000100000000)
  eden space 15872K, 100% used [0x00000000eb800000,0x00000000ec780000,0x00000000ec780000)
  from space 4096K, 82% used [0x00000000ecb80000,0x00000000ecec8000,0x00000000ecf80000)
  to   space 4096K, 0% used [0x00000000ec780000,0x00000000ec780000,0x00000000ecb80000)
 ParOldGen       total 42496K, used 6063K [0x00000000c2800000, 0x00000000c5180000, 0x00000000eb800000)
  object space 42496K, 14% used [0x00000000c2800000,0x00000000c2debd10,0x00000000c5180000)
 Metaspace       used 5200K, capacity 6011K, committed 6272K, reserved 1056768K
  class space    used 494K, capacity 528K, committed 640K, reserved 1048576K
Event: 884.642 GC heap after
Heap after GC invocations=9 (full 0):
 PSYoungGen      total 19968K, used 3360K [0x00000000eb800000, 0x00000000ecf80000, 0x0000000100000000)
  eden space 15872K, 0% used [0x00000000eb800000,0x00000000eb800000,0x00000000ec780000)
  from space 4096K, 82% used [0x00000000ec780000,0x00000000ecac8000,0x00000000ecb80000)
  to   space 4096K, 0% used [0x00000000ecb80000,0x00000000ecb80000,0x00000000ecf80000)
 ParOldGen       total 42496K, used 6063K [0x00000000c2800000, 0x00000000c5180000, 0x00000000eb800000)
  object space 42496K, 14% used [0x00000000c2800000,0x00000000c2debd10,0x00000000c5180000)
 Metaspace       used 5200K, capacity 6011K, committed 6272K, reserved 1056768K
  class space    used 494K, capacity 528K, committed 640K, reserved 1048576K
}
Event: 983.060 GC heap before
{Heap before GC invocations=10 (full 0):
 PSYoungGen      total 19968K, used 19232K [0x00000000eb800000, 0x00000000ecf80000, 0x0000000100000000)
  eden space 15872K, 100% used [0x00000000eb800000,0x00000000ec780000,0x00000000ec780000)
  from space 4096K, 82% used [0x00000000ec780000,0x00000000ecac8000,0x00000000ecb80000)
  to   space 4096K, 0% used [0x00000000ecb80000,0x00000000ecb80000,0x00000000ecf80000)
 ParOldGen       total 42496K, used 6063K [0x00000000c2800000, 0x00000000c5180000, 0x00000000eb800000)
  object space 42496K, 14% used [0x00000000c2800000,0x00000000c2debd10,0x00000000c5180000)
 Metaspace       used 5200K, capacity 6011K, committed 6272K, reserved 1056768K
  class space    used 494K, capacity 528K, committed 640K, reserved 1048576K
Event: 983.082 GC heap after
Heap after GC invocations=10 (full 0):
 PSYoungGen      total 19968K, used 3360K [0x00000000eb800000, 0x00000000ecf80000, 0x0000000100000000)
  eden space 15872K, 0% used [0x00000000eb800000,0x00000000eb800000,0x00000000ec780000)
  from space 4096K, 82% used [0x00000000ecb80000,0x00000000ecec8000,0x00000000ecf80000)
  to   space 4096K, 0% used [0x00000000ec780000,0x00000000ec780000,0x00000000ecb80000)
 ParOldGen       total 42496K, used 6063K [0x00000000c2800000, 0x00000000c5180000, 0x00000000eb800000)
  object space 42496K, 14% used [0x00000000c2800000,0x00000000c2debd10,0x00000000c5180000)
 Metaspace       used 5200K, capacity 6011K, committed 6272K, reserved 1056768K
  class space    used 494K, capacity 528K, committed 640K, reserved 1048576K
}
Event: 1081.494 GC heap before
{Heap before GC invocations=11 (full 0):
 PSYoungGen      total 19968K, used 19232K [0x00000000eb800000, 0x00000000ecf80000, 0x0000000100000000)
  eden space 15872K, 100% used [0x00000000eb800000,0x00000000ec780000,0x00000000ec780000)
  from space 4096K, 82% used [0x00000000ecb80000,0x00000000ecec8000,0x00000000ecf80000)
  to   space 4096K, 0% used [0x00000000ec780000,0x00000000ec780000,0x00000000ecb80000)
 ParOldGen       total 42496K, used 6063K [0x00000000c2800000, 0x00000000c5180000, 0x00000000eb800000)
  object space 42496K, 14% used [0x00000000c2800000,0x00000000c2debd10,0x00000000c5180000)
 Metaspace       used 5200K, capacity 6011K, committed 6272K, reserved 1056768K
  class space    used 494K, capacity 528K, committed 640K, reserved 1048576K
Event: 1081.516 GC heap after
Heap after GC invocations=11 (full 0):
 PSYoungGen      total 19968K, used 3360K [0x00000000eb800000, 0x00000000ecf80000, 0x0000000100000000)
  eden space 15872K, 0% used [0x00000000eb800000,0x00000000eb800000,0x00000000ec780000)
  from space 4096K, 82% used [0x00000000ec780000,0x00000000ecac8000,0x00000000ecb80000)
  to   space 4096K, 0% used [0x00000000ecb80000,0x00000000ecb80000,0x00000000ecf80000)
 ParOldGen       total 42496K, used 6079K [0x00000000c2800000, 0x00000000c5180000, 0x00000000eb800000)
  object space 42496K, 14% used [0x00000000c2800000,0x00000000c2defd10,0x00000000c5180000)
 Metaspace       used 5200K, capacity 6011K, committed 6272K, reserved 1056768K
  class space    used 494K, capacity 528K, committed 640K, reserved 1048576K
}
Event: 1179.922 GC heap before
{Heap before GC invocations=12 (full 0):
 PSYoungGen      total 19968K, used 19232K [0x00000000eb800000, 0x00000000ecf80000, 0x0000000100000000)
  eden space 15872K, 100% used [0x00000000eb800000,0x00000000ec780000,0x00000000ec780000)
  from space 4096K, 82% used [0x00000000ec780000,0x00000000ecac8000,0x00000000ecb80000)
  to   space 4096K, 0% used [0x00000000ecb80000,0x00000000ecb80000,0x00000000ecf80000)
 ParOldGen       total 42496K, used 6079K [0x00000000c2800000, 0x00000000c5180000, 0x00000000eb800000)
  object space 42496K, 14% used [0x00000000c2800000,0x00000000c2defd10,0x00000000c5180000)
 Metaspace       used 5200K, capacity 6011K, committed 6272K, reserved 1056768K
  class space    used 494K, capacity 528K, committed 640K, reserved 1048576K
Event: 1179.946 GC heap after
Heap after GC invocations=12 (full 0):
 PSYoungGen      total 19968K, used 3360K [0x00000000eb800000, 0x00000000ecf80000, 0x0000000100000000)
  eden space 15872K, 0% used [0x00000000eb800000,0x00000000eb800000,0x00000000ec780000)
  from space 4096K, 82% used [0x00000000ecb80000,0x00000000ecec8000,0x00000000ecf80000)
  to   space 4096K, 0% used [0x00000000ec780000,0x00000000ec780000,0x00000000ecb80000)
 ParOldGen       total 42496K, used 6087K [0x00000000c2800000, 0x00000000c5180000, 0x00000000eb800000)
  object space 42496K, 14% used [0x00000000c2800000,0x00000000c2df1d10,0x00000000c5180000)
 Metaspace       used 5200K, capacity 6011K, committed 6272K, reserved 1056768K
  class space    used 494K, capacity 528K, committed 640K, reserved 1048576K
}

Deoptimization events (0 events):
No events

Internal exceptions (6 events):
Event: 0.169 Thread 0x00000000028c0800 Exception <a 'java/lang/NoSuchMethodError': Method sun.misc.Unsafe.defineClass(Ljava/lang/String;[BII)Ljava/lang/Class; name or signature does not match> (0x00000000eb80d048) thrown at [C:\re\workspace\8-2-build-windows-amd64-cygwin\jdk8u51\3951\hotspot\srþe÷äa¡Å?
Event: 0.169 Thread 0x00000000028c0800 Exception <a 'java/lang/NoSuchMethodError': Method sun.misc.Unsafe.prefetchRead(Ljava/lang/Object;J)V name or signature does not match> (0x00000000eb80d2d8) thrown at [C:\re\workspace\8-2-build-windows-amd64-cygwin\jdk8u51\3951\hotspot\src\share\vm\prims\jOÏ»± °ë?
Event: 0.865 Thread 0x00000000028c0800 Exception <a 'java/security/PrivilegedActionException'> (0x00000000ebc49e88) thrown at [C:\re\workspace\8-2-build-windows-amd64-cygwin\jdk8u51\3951\hotspot\src\share\vm\prims\jvm.cpp, line 1382]
Event: 0.865 Thread 0x00000000028c0800 Exception <a 'java/security/PrivilegedActionException'> (0x00000000ebc4a1d0) thrown at [C:\re\workspace\8-2-build-windows-amd64-cygwin\jdk8u51\3951\hotspot\src\share\vm\prims\jvm.cpp, line 1382]
Event: 0.866 Thread 0x00000000028c0800 Exception <a 'java/security/PrivilegedActionException'> (0x00000000ebc4dfe8) thrown at [C:\re\workspace\8-2-build-windows-amd64-cygwin\jdk8u51\3951\hotspot\src\share\vm\prims\jvm.cpp, line 1382]
Event: 0.866 Thread 0x00000000028c0800 Exception <a 'java/security/PrivilegedActionException'> (0x00000000ebc4e330) thrown at [C:\re\workspace\8-2-build-windows-amd64-cygwin\jdk8u51\3951\hotspot\src\share\vm\prims\jvm.cpp, line 1382]

Events (10 events):
Event: 884.621 Executing VM operation: ParallelGCFailedAllocation
Event: 884.642 Executing VM operation: ParallelGCFailedAllocation done
Event: 956.717 Thread 0x00000000028c0800 DEOPT PACKING pc=0x0000000002c54d40 sp=0x000000000285f130
Event: 956.717 Thread 0x00000000028c0800 DEOPT UNPACKING pc=0x0000000002a071bf sp=0x000000000285f178 mode 0
Event: 983.060 Executing VM operation: ParallelGCFailedAllocation
Event: 983.082 Executing VM operation: ParallelGCFailedAllocation done
Event: 1081.493 Executing VM operation: ParallelGCFailedAllocation
Event: 1081.516 Executing VM operation: ParallelGCFailedAllocation done
Event: 1179.922 Executing VM operation: ParallelGCFailedAllocation
Event: 1179.946 Executing VM operation: ParallelGCFailedAllocation done


Dynamic libraries:
0x00007ff764740000 - 0x00007ff764777000 	C:\Program Files\Java\jre1.8.0_51\bin\javaw.exe
0x00007ffd5c5a0000 - 0x00007ffd5c790000 	C:\Windows\SYSTEM32\ntdll.dll
0x00007ffd5c0f0000 - 0x00007ffd5c1a2000 	C:\Windows\System32\KERNEL32.DLL
0x00007ffd5a3b0000 - 0x00007ffd5a652000 	C:\Windows\System32\KERNELBASE.dll
0x00007ffd5c350000 - 0x00007ffd5c3f3000 	C:\Windows\System32\ADVAPI32.dll
0x00007ffd5b090000 - 0x00007ffd5b12e000 	C:\Windows\System32\msvcrt.dll
0x00007ffd5c1b0000 - 0x00007ffd5c247000 	C:\Windows\System32\sechost.dll
0x00007ffd5ae30000 - 0x00007ffd5af50000 	C:\Windows\System32\RPCRT4.dll
0x00007ffd5b6a0000 - 0x00007ffd5b833000 	C:\Windows\System32\USER32.dll
0x00007ffd59630000 - 0x00007ffd59651000 	C:\Windows\System32\win32u.dll
0x00007ffd5c0c0000 - 0x00007ffd5c0e6000 	C:\Windows\System32\GDI32.dll
0x00007ffd59e10000 - 0x00007ffd59fa4000 	C:\Windows\System32\gdi32full.dll
0x00007ffd5a2a0000 - 0x00007ffd5a33e000 	C:\Windows\System32\msvcp_win.dll
0x00007ffd59530000 - 0x00007ffd5962a000 	C:\Windows\System32\ucrtbase.dll
0x00007ffd4dfd0000 - 0x00007ffd4e255000 	C:\Windows\WinSxS\amd64_microsoft.windows.common-controls_6595b64144ccf1df_6.0.18362.113_none_e6c1ab631311e035\COMCTL32.dll
0x00007ffd5b970000 - 0x00007ffd5bca6000 	C:\Windows\System32\combase.dll
0x00007ffd5a210000 - 0x00007ffd5a291000 	C:\Windows\System32\bcryptPrimitives.dll
0x00007ffd5b130000 - 0x00007ffd5b15e000 	C:\Windows\System32\IMM32.DLL
0x00000000678a0000 - 0x0000000067972000 	C:\Program Files\Java\jre1.8.0_51\bin\msvcr100.dll
0x0000000067010000 - 0x0000000067893000 	C:\Program Files\Java\jre1.8.0_51\bin\server\jvm.dll
0x00007ffd5bcb0000 - 0x00007ffd5bcb8000 	C:\Windows\System32\PSAPI.DLL
0x00007ffd4dce0000 - 0x00007ffd4dce9000 	C:\Windows\SYSTEM32\WSOCK32.dll
0x00007ffd5bcc0000 - 0x00007ffd5bd2f000 	C:\Windows\System32\WS2_32.dll
0x00007ffd57640000 - 0x00007ffd57664000 	C:\Windows\SYSTEM32\WINMM.dll
0x00007ffd4cc40000 - 0x00007ffd4cc4a000 	C:\Windows\SYSTEM32\VERSION.dll
0x00007ffd57610000 - 0x00007ffd5763d000 	C:\Windows\SYSTEM32\WINMMBASE.dll
0x00007ffd5a360000 - 0x00007ffd5a3aa000 	C:\Windows\System32\cfgmgr32.dll
0x0000000067000000 - 0x000000006700f000 	C:\Program Files\Java\jre1.8.0_51\bin\verify.dll
0x0000000066fd0000 - 0x0000000066ff9000 	C:\Program Files\Java\jre1.8.0_51\bin\java.dll
0x0000000066fb0000 - 0x0000000066fc6000 	C:\Program Files\Java\jre1.8.0_51\bin\zip.dll
0x00007ffd5a6e0000 - 0x00007ffd5adc0000 	C:\Windows\System32\SHELL32.dll
0x00007ffd5be40000 - 0x00007ffd5bee9000 	C:\Windows\System32\shcore.dll
0x00007ffd59660000 - 0x00007ffd59dda000 	C:\Windows\System32\windows.storage.dll
0x00007ffd594c0000 - 0x00007ffd594df000 	C:\Windows\System32\profapi.dll
0x00007ffd594e0000 - 0x00007ffd5952a000 	C:\Windows\System32\powrprof.dll
0x00007ffd59470000 - 0x00007ffd59480000 	C:\Windows\System32\UMPDC.dll
0x00007ffd5bde0000 - 0x00007ffd5be32000 	C:\Windows\System32\shlwapi.dll
0x00007ffd59480000 - 0x00007ffd59491000 	C:\Windows\System32\kernel.appcore.dll
0x00007ffd5a340000 - 0x00007ffd5a357000 	C:\Windows\System32\cryptsp.dll
0x0000000180000000 - 0x0000000180051000 	D:\WEB DESIGNS\JAVA\my_designs\LwjglGame\lib\natives\lwjgl64.dll
0x00007ffd4a340000 - 0x00007ffd4a48f000 	C:\Windows\SYSTEM32\OPENGL32.dll
0x00007ffd41b90000 - 0x00007ffd41bbc000 	C:\Windows\SYSTEM32\GLU32.dll
0x00007ffd58130000 - 0x00007ffd58150000 	C:\Windows\SYSTEM32\dxcore.dll
0x00007ffd55560000 - 0x00007ffd5560e000 	C:\Windows\SYSTEM32\mscms.dll
0x00007ffd59390000 - 0x00007ffd593b5000 	C:\Windows\SYSTEM32\USERENV.dll
0x00007ffd55540000 - 0x00007ffd55557000 	C:\Windows\SYSTEM32\ColorAdapterClient.dll
0x00007ffd5b8a0000 - 0x00007ffd5b964000 	C:\Windows\System32\OLEAUT32.dll
0x00007ffd5bd30000 - 0x00007ffd5bdd2000 	C:\Windows\System32\clbcatq.dll
0x00007ffd534e0000 - 0x00007ffd534fa000 	C:\Windows\System32\Windows.Internal.Graphics.Display.DisplayColorManagement.dll
0x00007ffd57820000 - 0x00007ffd578b9000 	C:\Windows\system32\uxtheme.dll
0x00007ffd5af50000 - 0x00007ffd5b087000 	C:\Windows\System32\MSCTF.dll
0x0000000016700000 - 0x0000000017577000 	C:\Windows\SYSTEM32\ig4icd64.dll
0x00007ffd52ba0000 - 0x00007ffd52c3e000 	C:\Windows\System32\TextInputFramework.dll
0x00007ffd54d40000 - 0x00007ffd55069000 	C:\Windows\System32\CoreUIComponents.dll
0x00007ffd56f90000 - 0x00007ffd57064000 	C:\Windows\System32\CoreMessaging.dll
0x00007ffd58630000 - 0x00007ffd58661000 	C:\Windows\SYSTEM32\ntmarta.dll
0x00007ffd54b70000 - 0x00007ffd54cc3000 	C:\Windows\SYSTEM32\wintypes.dll
0x00007ffd51680000 - 0x00007ffd51926000 	C:\Windows\System32\iertutil.dll
0x00007ffd5c400000 - 0x00007ffd5c556000 	C:\Windows\System32\ole32.dll
0x00007ffd1c8c0000 - 0x00007ffd1c903000 	C:\Windows\SYSTEM32\icm32.dll
0x00007ffd57910000 - 0x00007ffd5793d000 	C:\Windows\SYSTEM32\dwmapi.dll
0x00007ffd58290000 - 0x00007ffd5837a000 	C:\Windows\SYSTEM32\dxgi.dll
0x00007ffd56ac0000 - 0x00007ffd56d1b000 	C:\Windows\SYSTEM32\d3d11.dll
0x000000001aa10000 - 0x000000001aea2000 	C:\Windows\SYSTEM32\igd10umd64.dll
0x0000000066e10000 - 0x0000000066fa8000 	C:\Program Files\Java\jre1.8.0_51\bin\awt.dll
0x00007ffd57740000 - 0x00007ffd577cf000 	C:\Windows\SYSTEM32\apphelp.dll
0x00007ffd4a5b0000 - 0x00007ffd4a7a4000 	C:\Windows\SYSTEM32\dbghelp.dll

VM Arguments:
jvm_args: -Djava.library.path=D:\WEB DESIGNS\JAVA\my_designs\LwjglGame\lib\natives -Dfile.encoding=Cp1252 
java_command: engineTester.MainGameLoop
java_class_path (initial): D:\WEB DESIGNS\JAVA\my_designs\LwjglGame\bin;D:\WEB DESIGNS\JAVA\my_designs\LwjglGame\lib\jars\lwjgl_util.jar;D:\WEB DESIGNS\JAVA\my_designs\LwjglGame\lib\jars\lwjgl.jar;D:\WEB DESIGNS\JAVA\my_designs\LwjglGame\lib\jars\slick-util.jar
Launcher Type: SUN_STANDARD

Environment Variables:
PATH=C:/Users/SUCCESSFUL/.p2/pool/plugins/org.eclipse.justj.openjdk.hotspot.jre.full.win32.x86_64_17.0.3.v20220515-1416/jre/bin/server;C:/Users/SUCCESSFUL/.p2/pool/plugins/org.eclipse.justj.openjdk.hotspot.jre.full.win32.x86_64_17.0.3.v20220515-1416/jre/bin;C:\ProgramData\Oracle\Java\javapath;C:\Program Files (x86)\Common Files\Intel\Shared Files\cpp\bin\Intel64;C:\Windows\system32;C:\Windows;C:\Windows\System32\Wbem;C:\Windows\System32\WindowsPowerShell\v1.0\;C:\Windows\System32\OpenSSH\;C:\Program Files\Microsoft VS Code\bin;C:\Users\SUCCESSFUL\AppData\Local\Programs\Python\Python310\Scripts\;C:\Users\SUCCESSFUL\AppData\Local\Programs\Python\Python310\;C:\Users\SUCCESSFUL\AppData\Local\Microsoft\WindowsApps;;C:\Users\SUCCESSFUL\Desktop;
USERNAME=SUCCESSFUL
OS=Windows_NT
PROCESSOR_IDENTIFIER=Intel64 Family 6 Model 23 Stepping 10, GenuineIntel



---------------  S Y S T E M  ---------------

OS: Windows 10.0 , 64 bit Build 18362 (10.0.18362.86)

CPU:total 2 (2 cores per cpu, 1 threads per core) family 6 model 23 stepping 10, cmov, cx8, fxsr, mmx, sse, sse2, sse3, ssse3, sse4.1, tsc

Memory: 4k page, physical 4026636k(1198592k free), swap 6385932k(2202100k free)

vm_info: Java HotSpot(TM) 64-Bit Server VM (25.51-b03) for windows-amd64 JRE (1.8.0_51-b16), built on Jun  8 2015 18:03:07 by "java_re" with MS VC++ 10.0 (VS2010)

time: Sun Jul 31 12:46:47 2022
elapsed time: 2267 seconds (0d 0h 37m 47s)

